<?xml version="1.0" encoding="UTF-8"?>
<testng-results total="1" passed="1" failed="0" skipped="0">
  <reporter-output>
  </reporter-output>
  <suite started-at="2022-09-23T06:04:59Z" name="Default suite" finished-at="2022-09-23T06:04:59Z" duration-ms="99">
    <groups>
    </groups>
    <test started-at="2022-09-23T06:04:59Z" name="Default test" finished-at="2022-09-23T06:04:59Z" duration-ms="99">
      <class name="testpractice.FifthTest">
        <test-method signature="tc5()[pri:0, instance:testpractice.FifthTest@31add175]" started-at="2022-09-23T11:34:59Z" name="tc5" finished-at="2022-09-23T11:34:59Z" duration-ms="31" status="PASS">
          <reporter-output>
          </reporter-output>
        </test-method> <!-- tc5 -->
      </class> <!-- testpractice.FifthTest -->
    </test> <!-- Default test -->
  </suite> <!-- Default suite -->
</testng-results>
